<?xml version="1.0" encoding="UTF-8"?>
<testsuite xmlns:xsi="http://www.w3.org/2001/XMLSchema-instance" xsi:noNamespaceSchemaLocation="https://maven.apache.org/surefire/maven-surefire-plugin/xsd/surefire-test-report-3.0.xsd" version="3.0" name="minesweeper.view.UserActionFactoryTest" time="0.718" tests="9" errors="0" skipped="0" failures="0">
  <properties>
    <property name="sun.desktop" value="windows"/>
    <property name="awt.toolkit" value="sun.awt.windows.WToolkit"/>
    <property name="java.specification.version" value="11"/>
    <property name="sun.cpu.isalist" value="amd64"/>
    <property name="sun.jnu.encoding" value="Cp1252"/>
    <property name="java.class.path" value="C:\Rameshwar\data\NL\experis\Minesweeper\Rameshwar\final3\MineSweeper\target\test-classes;C:\Rameshwar\data\NL\experis\Minesweeper\Rameshwar\final3\MineSweeper\target\classes;C:\Users\inrdhaw\.m2\repository\org\junit\jupiter\junit-jupiter-engine\5.9.0\junit-jupiter-engine-5.9.0.jar;C:\Users\inrdhaw\.m2\repository\org\junit\platform\junit-platform-engine\1.9.0\junit-platform-engine-1.9.0.jar;C:\Users\inrdhaw\.m2\repository\org\opentest4j\opentest4j\1.2.0\opentest4j-1.2.0.jar;C:\Users\inrdhaw\.m2\repository\org\junit\platform\junit-platform-commons\1.9.0\junit-platform-commons-1.9.0.jar;C:\Users\inrdhaw\.m2\repository\org\junit\jupiter\junit-jupiter-api\5.9.0\junit-jupiter-api-5.9.0.jar;C:\Users\inrdhaw\.m2\repository\org\apiguardian\apiguardian-api\1.1.2\apiguardian-api-1.1.2.jar;C:\Users\inrdhaw\.m2\repository\org\mockito\mockito-junit-jupiter\4.8.0\mockito-junit-jupiter-4.8.0.jar;C:\Users\inrdhaw\.m2\repository\org\mockito\mockito-core\4.8.0\mockito-core-4.8.0.jar;C:\Users\inrdhaw\.m2\repository\net\bytebuddy\byte-buddy\1.12.14\byte-buddy-1.12.14.jar;C:\Users\inrdhaw\.m2\repository\net\bytebuddy\byte-buddy-agent\1.12.14\byte-buddy-agent-1.12.14.jar;C:\Users\inrdhaw\.m2\repository\org\objenesis\objenesis\3.2\objenesis-3.2.jar;C:\Users\inrdhaw\.m2\repository\org\projectlombok\lombok\1.18.24\lombok-1.18.24.jar;"/>
    <property name="java.vm.vendor" value="Oracle Corporation"/>
    <property name="sun.arch.data.model" value="64"/>
    <property name="user.variant" value=""/>
    <property name="java.vendor.url" value="https://openjdk.java.net/"/>
    <property name="user.timezone" value="Asia/Calcutta"/>
    <property name="java.vm.specification.version" value="11"/>
    <property name="os.name" value="Windows 10"/>
    <property name="sun.java.launcher" value="SUN_STANDARD"/>
    <property name="user.country" value="IN"/>
    <property name="sun.boot.library.path" value="C:\Program Files\Java\jdk-11.0.15.1\bin"/>
    <property name="sun.java.command" value="C:\Users\inrdhaw\AppData\Local\Temp\surefire2073656924312007963\surefirebooter-20221129224641599_9.jar C:\Users\inrdhaw\AppData\Local\Temp\surefire2073656924312007963 2022-11-29T22-46-40_875-jvmRun1 surefire-20221129224641599_7tmp surefire_1-20221129224641599_8tmp"/>
    <property name="jdk.debug" value="release"/>
    <property name="surefire.test.class.path" value="C:\Rameshwar\data\NL\experis\Minesweeper\Rameshwar\final3\MineSweeper\target\test-classes;C:\Rameshwar\data\NL\experis\Minesweeper\Rameshwar\final3\MineSweeper\target\classes;C:\Users\inrdhaw\.m2\repository\org\junit\jupiter\junit-jupiter-engine\5.9.0\junit-jupiter-engine-5.9.0.jar;C:\Users\inrdhaw\.m2\repository\org\junit\platform\junit-platform-engine\1.9.0\junit-platform-engine-1.9.0.jar;C:\Users\inrdhaw\.m2\repository\org\opentest4j\opentest4j\1.2.0\opentest4j-1.2.0.jar;C:\Users\inrdhaw\.m2\repository\org\junit\platform\junit-platform-commons\1.9.0\junit-platform-commons-1.9.0.jar;C:\Users\inrdhaw\.m2\repository\org\junit\jupiter\junit-jupiter-api\5.9.0\junit-jupiter-api-5.9.0.jar;C:\Users\inrdhaw\.m2\repository\org\apiguardian\apiguardian-api\1.1.2\apiguardian-api-1.1.2.jar;C:\Users\inrdhaw\.m2\repository\org\mockito\mockito-junit-jupiter\4.8.0\mockito-junit-jupiter-4.8.0.jar;C:\Users\inrdhaw\.m2\repository\org\mockito\mockito-core\4.8.0\mockito-core-4.8.0.jar;C:\Users\inrdhaw\.m2\repository\net\bytebuddy\byte-buddy\1.12.14\byte-buddy-1.12.14.jar;C:\Users\inrdhaw\.m2\repository\net\bytebuddy\byte-buddy-agent\1.12.14\byte-buddy-agent-1.12.14.jar;C:\Users\inrdhaw\.m2\repository\org\objenesis\objenesis\3.2\objenesis-3.2.jar;C:\Users\inrdhaw\.m2\repository\org\projectlombok\lombok\1.18.24\lombok-1.18.24.jar;"/>
    <property name="sun.cpu.endian" value="little"/>
    <property name="user.home" value="C:\Users\inrdhaw"/>
    <property name="user.language" value="en"/>
    <property name="java.specification.vendor" value="Oracle Corporation"/>
    <property name="java.version.date" value="2022-04-22"/>
    <property name="java.home" value="C:\Program Files\Java\jdk-11.0.15.1"/>
    <property name="file.separator" value="\"/>
    <property name="basedir" value="C:\Rameshwar\data\NL\experis\Minesweeper\Rameshwar\final3\MineSweeper"/>
    <property name="java.vm.compressedOopsMode" value="Zero based"/>
    <property name="line.separator" value="&#10;"/>
    <property name="java.specification.name" value="Java Platform API Specification"/>
    <property name="java.vm.specification.vendor" value="Oracle Corporation"/>
    <property name="java.awt.graphicsenv" value="sun.awt.Win32GraphicsEnvironment"/>
    <property name="surefire.real.class.path" value="C:\Users\inrdhaw\AppData\Local\Temp\surefire2073656924312007963\surefirebooter-20221129224641599_9.jar"/>
    <property name="user.script" value=""/>
    <property name="sun.management.compiler" value="HotSpot 64-Bit Tiered Compilers"/>
    <property name="java.runtime.version" value="11.0.15.1+2-LTS-10"/>
    <property name="user.name" value="inrdhaw"/>
    <property name="path.separator" value=";"/>
    <property name="os.version" value="10.0"/>
    <property name="java.runtime.name" value="Java(TM) SE Runtime Environment"/>
    <property name="file.encoding" value="Cp1252"/>
    <property name="java.vm.name" value="Java HotSpot(TM) 64-Bit Server VM"/>
    <property name="java.vendor.version" value="18.9"/>
    <property name="localRepository" value="C:\Users\inrdhaw\.m2\repository"/>
    <property name="java.vendor.url.bug" value="https://bugreport.java.com/bugreport/"/>
    <property name="java.io.tmpdir" value="C:\Users\inrdhaw\AppData\Local\Temp\"/>
    <property name="java.version" value="11.0.15.1"/>
    <property name="user.dir" value="C:\Rameshwar\data\NL\experis\Minesweeper\Rameshwar\final3\MineSweeper"/>
    <property name="os.arch" value="amd64"/>
    <property name="java.vm.specification.name" value="Java Virtual Machine Specification"/>
    <property name="java.awt.printerjob" value="sun.awt.windows.WPrinterJob"/>
    <property name="sun.os.patch.level" value=""/>
    <property name="java.library.path" value="C:\Program Files\Java\jdk-11.0.15.1\bin;C:\Windows\Sun\Java\bin;C:\Windows\system32;C:\Windows;c:\app\oracle\product\12.2.0.1\client64\bin;%MAVEN_HOME%\bin;C:\Program Files\Common Files\Oracle\Java\javapath;C:\Windows\system32;C:\Windows;C:\Windows\System32\Wbem;C:\Windows\System32\WindowsPowerShell\v1.0\;C:\Windows\System32\OpenSSH\;C:\Program Files (x86)\CheckPoint\Endpoint Security\Endpoint Common\bin;C:\Program Files\Git\cmd;C:\ProgramData\chocolatey\bin;;C:\Program Files\Docker\Docker\resources\bin;C:\ProgramData\DockerDesktop\version-bin;C:\Rameshwar\apache-maven-3.8.6\bin;C:\Users\inrdhaw\AppData\Local\Microsoft\WindowsApps;;."/>
    <property name="java.vendor" value="Oracle Corporation"/>
    <property name="java.vm.info" value="mixed mode"/>
    <property name="java.vm.version" value="11.0.15.1+2-LTS-10"/>
    <property name="sun.io.unicode.encoding" value="UnicodeLittle"/>
    <property name="java.class.version" value="55.0"/>
  </properties>
  <testcase name="shouldReturnActionInvalidWhenUserEnterNonIntegerParameters" classname="minesweeper.view.UserActionFactoryTest" time="0.66"/>
  <testcase name="shouldReturnUserActionOpenWhenUserEnterOpenCommand" classname="minesweeper.view.UserActionFactoryTest" time="0.009"/>
  <testcase name="shouldReturnUserActionMarkWhenUserEnterMarkCommand" classname="minesweeper.view.UserActionFactoryTest" time="0.004"/>
  <testcase name="shouldReturnActionInvalidWhenUserEnterNegativeRowParameter" classname="minesweeper.view.UserActionFactoryTest" time="0.002"/>
  <testcase name="shouldReturnActionInvalidWhenUserEnterNegativeColParameter" classname="minesweeper.view.UserActionFactoryTest" time="0.001"/>
  <testcase name="shouldReturnUserActionHelpWhenUserEnterHelpCommand" classname="minesweeper.view.UserActionFactoryTest" time="0.003">
    <system-out><![CDATA[The following commands are available:
 - open <row> <col>     Use to open an unvisited cell
 - o <row> <col>        Use to open an unvisited cell
 - mark <row> <col>     Use to mark an unvisited cell as a mine
 - m <row> <col>     Use to mark an unvisited cell as a mine
 - exit

]]></system-out>
  </testcase>
  <testcase name="shouldReturnActionInvalidWhenUserEnterTooFewParameters" classname="minesweeper.view.UserActionFactoryTest" time="0.001"/>
  <testcase name="shouldReturnActionInvalidWhenUserEnterOutOfBoundsParameters" classname="minesweeper.view.UserActionFactoryTest" time="0.001"/>
  <testcase name="shouldReturnActionInvalidWhenUserEnterTooManyParameters" classname="minesweeper.view.UserActionFactoryTest" time="0.001">
    <system-err><![CDATA[Please enter valid input values
]]></system-err>
  </testcase>
</testsuite>